INFO:root:Current Time =10/17-21:09:15
INFO:root:Current Time =10/17-22:03:10
INFO:root:Current Time =10/17-22:16:24
INFO:root:Current Time =10/17-22:21:04
INFO:root:Current Time =10/17-22:28:08
INFO:root:Current Time =10/17-22:41:18
INFO:root:2 Current Time = 10/17-22:57:20
INFO:root:2 Current Time = 10/17-22:59:03
INFO:root:episode:1loss:0.3981111328125learning_rate:[0.6]
INFO:root:episode:2loss:27323373977.6learning_rate:[0.6]
INFO:root:episode:3loss:336832.58026666666learning_rate:[0.6]
INFO:root:episode:4loss:18249.1712learning_rate:[0.6]
INFO:root:episode:5loss:0.19938919270833333learning_rate:[0.6]
INFO:root:episode:6loss:0.14228056640625learning_rate:[0.6]
INFO:root:episode:7loss:0.10803741861979167learning_rate:[0.6]
INFO:root:episode:8loss:56203.75893333333learning_rate:[0.6]
INFO:root:episode:9loss:0.122024609375learning_rate:[0.6]
INFO:root:episode:10loss:0.12542076822916667learning_rate:[0.6]
INFO:root:episode:11loss:0.10218597819010417learning_rate:[0.6]
INFO:root:episode:12loss:0.10044064127604167learning_rate:[0.6]
INFO:root:episode:13loss:0.095724072265625learning_rate:[0.6]
INFO:root:episode:14loss:1449311.5733333332learning_rate:[0.6]
INFO:root:episode:15loss:0.087466357421875learning_rate:[0.6]
INFO:root:episode:16loss:184040.9088learning_rate:[0.6]
INFO:root:episode:17loss:0.081584423828125learning_rate:[0.6]
INFO:root:episode:18loss:0.08840338541666666learning_rate:[0.6]
INFO:root:episode:19loss:208931.08906666667learning_rate:[0.6]
INFO:root:episode:20loss:0.08281795247395833learning_rate:[0.6]
INFO:root:episode:21loss:0.09038225911458334learning_rate:[0.6]
INFO:root:episode:22loss:0.09319549967447917learning_rate:[0.6]
INFO:root:episode:23loss:0.09085183919270834learning_rate:[0.6]
INFO:root:episode:24loss:0.09054459635416667learning_rate:[0.6]
INFO:root:episode:25loss:0.0721727783203125learning_rate:[0.6]
INFO:root:episode:26loss:0.0864453125learning_rate:[0.6]
INFO:root:episode:27loss:0.09504342447916667learning_rate:[0.6]
INFO:root:episode:28loss:0.094502099609375learning_rate:[0.6]
INFO:root:episode:29loss:0.08929051106770833learning_rate:[0.6]
INFO:root:episode:30loss:0.09092196451822916learning_rate:[0.6]
INFO:root:episode:31loss:0.07222305501302083learning_rate:[0.6]
INFO:root:episode:32loss:0.059839754231770834learning_rate:[0.6]
INFO:root:episode:33loss:0.06582178548177084learning_rate:[0.6]
INFO:root: Current Time = 10/17-23:02:16
INFO:root:2-0.6-50
INFO:root: Current Time = 10/17-23:03:55
INFO:root:2-0.3-200
INFO:root:episode:1loss:13575433116.948336learning_rate:[0.005813340624419996]
INFO:root:episode:2loss:1625.7263948069256learning_rate:[8.046411717983777e-05]
INFO:root: Current Time = 10/18-11:31:16
INFO:root:2-0.1-0.0001-1000000
