INFO:root:episode:1loss:0.00039914684295654296
INFO:root:0 100 8305944.69529593

INFO:root:0 200 8306152.931211829

INFO:root:0 300 8306356.785213709

INFO:root:0 400 8306564.068397641

INFO:root:0 500 8306771.202520251

INFO:root:0 600 8306973.838992357

INFO:root:0 700 8307181.679340959

INFO:root:0 800 8307386.012050986

INFO:root:0 100 5313339308.0008545

INFO:root:0 200 5313540054.730957

INFO:root:0 300 5313745275.459106

INFO:root:0 400 5313951955.504517

INFO:root:0 500 5314156049.2052

INFO:root:0 600 5314357554.447876

INFO:root:0 700 5314564635.778198

INFO:root:0 800 5314765461.304077

INFO:root:0 900 5314970008.844849

INFO:root:0 1000 5315173042.704956

INFO:root:0 1100 5315370827.494629

INFO:root:0 1200 5315578991.31897

INFO:root:0 1300 5315787159.134155

INFO:root:0 1400 5315992631.995605

INFO:root:0 1500 5316200112.535034

INFO:root:0 1600 5316405891.425415

INFO:root:0 1700 5316609622.090942

INFO:root:0 1800 5316815778.265381

INFO:root:0 1900 5317020812.226807

INFO:root:0 2000 5317222330.495117

INFO:root:0 2100 5317429066.045166

INFO:root:0 2200 5317632299.424194

INFO:root:0 2300 5317834145.339355

INFO:root:0 2400 5318039554.960815

INFO:root:0 2500 5318246346.383423

INFO:root:0 2600 5318450443.546143

INFO:root:0 2700 5318657819.081665

INFO:root:0 2800 5318859929.764282

INFO:root:episode:1loss:0.4001579752604167
INFO:root:episode:2loss:292147.7461333333
INFO:root:episode:3loss:75.82428333333333
INFO:root:episode:4loss:6.86104375
INFO:root:episode:5loss:14.914645833333333
INFO:root:episode:6loss:0.2937383463541667
INFO:root:episode:7loss:10.4521375
INFO:root:episode:8loss:0.24245730794270834
INFO:root:episode:9loss:0.21874293619791665
INFO:root:episode:10loss:0.18777158203125
INFO:root:episode:11loss:0.15693048502604168
INFO:root:episode:12loss:0.13998997395833335
INFO:root:episode:13loss:0.1219557373046875
INFO:root:episode:14loss:0.10374357096354167
INFO:root:episode:15loss:0.085064697265625
INFO:root:episode:16loss:0.08474637044270833
INFO:root:episode:17loss:68.407075
INFO:root:episode:18loss:0.07939054361979167
INFO:root:episode:19loss:171.88375
INFO:root:episode:20loss:0.090041259765625
INFO:root:episode:21loss:0.086228857421875
INFO:root:episode:22loss:0.08741238606770833
INFO:root:episode:23loss:0.084138525390625
INFO:root:episode:24loss:0.07294540201822916
INFO:root:episode:25loss:0.07145582682291667
INFO:root:episode:1loss:143.82914049483736
