INFO:root:0 100 495.9404842853546

INFO:root:0 200 978.9386434555054

INFO:root:0 300 1470.1479971408844

INFO:root:0 400 1957.0534524917603

INFO:root:0 500 2438.6392316818237

INFO:root:0 600 2925.8771946430206

INFO:root:0 700 3402.2572107315063

INFO:root:0 800 3887.31641292572

INFO:root:0 900 4379.727017879486

INFO:root:0 1000 4874.782132387161

INFO:root:0 1100 5371.264683961868

INFO:root:0 1200 5854.923184394836

INFO:root:0 1300 6338.109371423721

INFO:root:0 1400 6815.525291919708

INFO:root:0 1500 7311.238995790482

INFO:root:0 1600 7777.670459032059

INFO:root:0 1700 8267.209660291672

INFO:root:0 1800 8730.656577587128

INFO:root:0 1900 9201.780895471573

INFO:root:0 2000 9678.675751209259

INFO:root:0 2100 10171.480370998383

INFO:root:0 2200 10652.428529977798

INFO:root:0 2300 11125.16908454895

INFO:root:0 2400 11618.29761171341

INFO:root:0 2500 12104.852170944214

INFO:root:0 2600 12583.76800584793

INFO:root:0 2700 13060.376027345657

INFO:root:0 2800 13543.136856555939

INFO:root:0 100 500.53540229797363

INFO:root:0 2900 14032.69619679451

INFO:root:0 200 977.1838879585266

INFO:root:0 3000 14500.504471063614

INFO:root:0 3100 14980.222457170486

INFO:root:0 3200 15470.102725744247

INFO:root:0 3300 15954.85509133339

INFO:root:0 3400 16432.167066335678

INFO:root:0 3500 16913.834205389023

INFO:root:0 3600 17390.321489810944

INFO:root:0 3700 17870.65553498268

INFO:root:0 3800 18359.97372150421

INFO:root:0 3900 18840.028297424316

INFO:root:0 4000 19331.195371627808

INFO:root:0 4100 19820.128957509995

INFO:root:0 4200 20283.68670463562

INFO:root:0 4300 20761.7776222229

INFO:root:0 4400 21224.508986234665

INFO:root:0 4500 21705.604350805283

INFO:root:0 4600 22170.815550088882

INFO:root:0 4700 22658.467931509018

INFO:root:0 4800 23139.624822616577

INFO:root:0 4900 23612.887448072433

INFO:root:0 5000 24089.004410028458

INFO:root:0 5100 24568.43401813507

INFO:root:0 5200 25081.569739341736

INFO:root:0 5300 25577.377538204193

INFO:root:0 5400 26057.860853672028

INFO:root:0 5500 26567.833347320557

INFO:root:0 5600 27050.340634822845

INFO:root:0 5700 27536.770335435867

INFO:root:0 5800 28013.85720849037

INFO:root:0 5900 28500.560224056244

INFO:root:0 6000 28985.87553834915

INFO:root:0 6100 29458.728663921356

INFO:root:0 6200 29940.717497825623

INFO:root:0 6300 30413.935848474503

INFO:root:0 6400 30892.293898820877

INFO:root:0 6500 31370.467490673065

INFO:root:0 6600 31852.353713989258

INFO:root:0 6700 32335.460205554962

INFO:root:0 6800 32829.221227645874

INFO:root:0 6900 33311.94582819939

INFO:root:0 7000 33794.75317358971

INFO:root:0 7100 34278.90580058098

INFO:root:0 7200 34771.55326843262

INFO:root:0 7300 35254.71747350693

INFO:root:0 7400 35749.929448843

INFO:root:0 7500 36236.56100296974

INFO:root:0 7600 36696.76854968071

INFO:root:0 7700 37190.09515285492

INFO:root:0 7800 37674.17554020882

INFO:root:0 7900 38170.58254241943

INFO:root:0 8000 38664.292949438095

INFO:root:0 8100 39157.51799249649

INFO:root:0 8200 39639.40927505493

INFO:root:0 8300 40128.604036569595

INFO:root:0 8400 40607.370622873306

INFO:root:0 8500 41086.51211094856

INFO:root:0 8600 41572.02990150452

INFO:root:0 8700 42075.7582116127

INFO:root:0 8800 42559.35214591026

INFO:root:0 8900 43049.85458922386

INFO:root:0 9000 43546.30503821373

INFO:root:0 9100 44030.08149576187

INFO:root:0 9200 44518.018238306046

INFO:root:0 9300 45004.944830179214

INFO:root:0 9400 45492.54038977623

INFO:root:0 9500 45972.33127450943

INFO:root:0 9600 46457.13846063614

INFO:root:0 9700 46947.420029878616

INFO:root:0 9800 47446.788999557495

INFO:root:0 9900 47924.481189250946

INFO:root:0 10000 48407.29683113098

INFO:root:0 10100 48888.63034820557

INFO:root:0 10200 49354.049902915955

INFO:root:0 10300 49830.80989289284

INFO:root:0 10400 50305.05792975426

INFO:root:0 10500 50791.268335819244

INFO:root:0 10600 51278.750982284546

INFO:root:0 10700 51749.89798903465

INFO:root:0 10800 52226.505113363266

INFO:root:0 10900 52710.49581670761

INFO:root:0 11000 53185.47951626778

INFO:root:0 11100 53696.90060067177

INFO:root:0 11200 54193.03599882126

INFO:root:0 11300 54674.65988564491

INFO:root:0 11400 55169.81194519997

INFO:root:0 11500 55656.08728480339

INFO:root:0 11600 56152.59866762161

INFO:root:0 11700 56630.778415203094

INFO:root:0 11800 57132.71072912216

INFO:root:0 11900 57618.469386816025

INFO:root:0 12000 58104.90186834335

INFO:root:0 12100 58602.68550491333

INFO:root:0 12200 59089.81517982483

INFO:root:0 12300 59566.743124723434

INFO:root:0 12400 60049.084119319916

INFO:root:0 12500 60535.38506770134

INFO:root:0 12600 61033.81880688667

INFO:root:0 12700 61506.15886449814

INFO:root:0 12800 61974.68198466301

INFO:root:0 12900 62460.743072509766

INFO:root:0 13000 62947.90508770943

INFO:root:0 13100 63412.3803050518

INFO:root:0 13200 63909.91356706619

INFO:root:0 13300 64391.697164297104

INFO:root:0 13400 64878.46467733383

INFO:root:0 13500 65361.47918820381

INFO:root:0 13600 65841.19622135162

INFO:root:0 13700 66325.86296987534

INFO:root:0 13800 66807.66069245338

INFO:root:0 13900 67292.85558581352

INFO:root:0 14000 67770.615234375

INFO:root:0 14100 68243.89747309685

INFO:root:0 14200 68731.79933023453

INFO:root:0 14300 69215.17660045624

INFO:root:0 14400 69711.73716378212

INFO:root:0 14500 70179.19665145874

INFO:root:0 14600 70650.61765432358

INFO:root:0 14700 71146.81853961945

INFO:root:0 14800 71615.06894254684

INFO:root:0 14900 72095.63538980484

INFO:root:0 15000 72577.8478820324

INFO:root:0 15100 73050.39373087883

INFO:root:0 15200 73532.16770482063

INFO:root:0 15300 74025.0657992363

INFO:root:0 15400 74516.33922362328

INFO:root:0 15500 75028.84668111801

INFO:root:0 15600 75513.98535847664

INFO:root:0 15700 75999.03437566757

INFO:root:0 15800 76484.03933048248

INFO:root:0 15900 76949.59741854668

INFO:root:0 16000 77434.85581350327

INFO:root:0 16100 77918.50378918648

INFO:root:0 16200 78404.21507620811

INFO:root:0 16300 78885.20044875145

INFO:root:0 16400 79372.46425795555

INFO:root:0 16500 79866.12465238571

INFO:root:0 16600 80343.46035981178

INFO:root:0 16700 80821.41458392143

INFO:root:0 16800 81300.8318490982

INFO:root:0 16900 81795.83791732788

INFO:root:0 17000 82270.00083088875

INFO:root:0 17100 82750.57191729546

INFO:root:0 17200 83253.8979446888

INFO:root:0 17300 83741.91185545921

INFO:root:0 17400 84223.20436358452

INFO:root:0 17500 84692.30265212059

INFO:root:0 17600 85168.83196640015

INFO:root:0 17700 85657.24717187881

INFO:root:0 17800 86125.87613964081

INFO:root:0 17900 86602.76183271408

INFO:root:0 18000 87089.81540179253

INFO:root:0 18100 87549.58559536934

INFO:root:0 18200 88033.72141385078

INFO:root:0 18300 88521.5209043026

INFO:root:0 18400 89013.76207828522

INFO:root:0 18500 89484.97603321075

INFO:root:0 18600 89971.58991217613

INFO:root:0 18700 90466.58789300919

INFO:root:0 18800 90957.08323669434

INFO:root:0 18900 91446.75354027748

INFO:root:0 19000 91926.63459730148

INFO:root:0 19100 92405.54918789864

INFO:root:0 19200 92885.21448922157

INFO:root:0 19300 93356.96953773499

INFO:root:0 19400 93853.60921406746

INFO:root:0 19500 94338.55896830559

INFO:root:0 19600 94831.39797139168

INFO:root:0 19700 95336.65284991264

INFO:root:0 19800 95818.55528616905

INFO:root:0 19900 96299.69026231766

INFO:root:0 20000 96795.3525686264

INFO:root:0 20100 97264.43053364754

INFO:root:0 20200 97745.8960518837

INFO:root:0 20300 98223.300750494

INFO:root:0 20400 98703.98845505714

INFO:root:0 20500 99188.43562030792

INFO:root:0 20600 99691.05419421196

INFO:root:0 20700 100186.88642311096

INFO:root:0 20800 100670.06191444397

INFO:root:0 20900 101150.4221944809

INFO:root:0 21000 101631.91418623924

INFO:root:0 21100 102127.20106458664

INFO:root:0 21200 102615.5615170002

INFO:root:0 21300 103099.96903252602

INFO:root:0 21400 103555.02744078636

INFO:root:0 21500 104039.25930285454

INFO:root:0 21600 104511.09741568565

INFO:root:0 21700 104996.7206158638

INFO:root:0 21800 105473.97166991234

INFO:root:0 21900 105952.13599824905

INFO:root:0 22000 106435.40044164658

INFO:root:0 22100 106924.09680318832

INFO:root:0 22200 107414.67092823982

INFO:root:0 22300 107902.70027470589

INFO:root:0 22400 108380.87139344215

INFO:root:0 22500 108865.68767547607

INFO:root:0 22600 109353.925137043

INFO:root:0 22700 109843.68119430542

INFO:root:0 22800 110323.86475491524

INFO:root:0 22900 110810.24759316444

INFO:root:0 23000 111293.81896805763

INFO:root:0 23100 111785.64511609077

INFO:root:0 23200 112268.67833638191

INFO:root:0 23300 112750.82206082344

INFO:root:0 23400 113236.86253762245

INFO:root:0 23500 113705.17932868004

INFO:root:0 23600 114200.51023864746

INFO:root:0 23700 114665.36142015457

INFO:root:0 23800 115157.13318181038

INFO:root:0 23900 115623.38378500938

INFO:root:0 24000 116114.58558416367

INFO:root:0 24100 116604.91809153557

INFO:root:0 24200 117089.80802202225

INFO:root:0 24300 117592.75074648857

INFO:root:0 24400 118060.75427150726

INFO:root:0 24500 118567.66609072685

INFO:root:0 24600 119061.4159283638

INFO:root:0 24700 119563.04980874062

INFO:root:0 24800 120042.14423656464

INFO:root:0 24900 120523.9421634674

INFO:root:0 25000 121000.83998823166

INFO:root:0 25100 121482.9564461708

INFO:root:0 25200 121959.80872535706

INFO:root:0 25300 122451.39534187317

INFO:root:0 25400 122924.14204621315

INFO:root:0 25500 123396.34290099144

INFO:root:0 25600 123877.45715093613

INFO:root:0 25700 124368.42662239075

INFO:root:0 25800 124850.9414627552

INFO:root:0 25900 125327.031686306

INFO:root:0 26000 125811.6916782856

INFO:root:0 26100 126284.62654423714

INFO:root:0 26200 126780.2455868721

INFO:root:0 26300 127256.2460501194

INFO:root:0 26400 127718.78610992432

INFO:root:0 26500 128199.64582276344

INFO:root:0 26600 128674.74646806717

INFO:root:0 26700 129153.5495698452

INFO:root:0 26800 129639.76152181625

INFO:root:0 26900 130133.30495882034

INFO:root:0 27000 130617.67250871658

INFO:root:0 27100 131095.89271116257

INFO:root:0 27200 131588.41340708733

INFO:root:0 27300 132085.13993906975

INFO:root:0 27400 132565.25871300697

INFO:root:0 27500 133050.33342647552

INFO:root:0 27600 133537.44819760323

INFO:root:0 27700 134015.62460947037

INFO:root:0 27800 134487.5585012436

INFO:root:0 27900 134967.15975379944

INFO:root:0 28000 135463.26101708412

INFO:root:0 28100 135942.8111155033

INFO:root:0 28200 136419.64900922775

INFO:root:0 28300 136902.24588394165

INFO:root:0 28400 137377.72822761536

INFO:root:0 28500 137863.9830303192

INFO:root:0 28600 138338.03269815445

INFO:root:0 28700 138831.30265569687

INFO:root:0 28800 139316.39338302612

INFO:root:0 28900 139807.77326989174

INFO:root:0 29000 140289.24083971977

INFO:root:0 29100 140785.36953258514

INFO:root:0 29200 141278.65667581558

INFO:root:0 29300 141766.79991865158

INFO:root:0 29400 142256.04053664207

INFO:root:0 29500 142732.96567225456

INFO:root:0 29600 143233.93970131874

INFO:root:0 29700 143735.36111021042

INFO:root:0 29800 144235.05061340332

INFO:root:0 29900 144728.4011809826

INFO:root:0 30000 145210.10147213936

INFO:root:0 30100 145686.8492538929

INFO:root:0 30200 146167.06515479088

INFO:root:0 30300 146654.8584444523

INFO:root:0 30400 147143.53940963745

INFO:root:0 30500 147641.45950222015

INFO:root:0 30600 148132.50625681877

INFO:root:0 30700 148606.9488465786

INFO:root:0 30800 149089.980905056

INFO:root:0 30900 149584.48379826546

INFO:root:0 31000 150060.18106794357

INFO:root:0 31100 150538.8876452446

INFO:root:0 31200 151024.89066195488

INFO:root:0 31300 151500.29745864868

INFO:root:0 31400 151976.66532039642

INFO:root:0 31500 152464.64828443527

INFO:root:0 31600 152958.61746191978

INFO:root:0 31700 153423.590788126

INFO:root:0 31800 153897.73194169998

INFO:root:0 31900 154364.6454770565

INFO:root:0 32000 154838.96692562103

INFO:root:0 32100 155305.9087176323

INFO:root:0 32200 155784.94145751

INFO:root:0 32300 156273.86564707756

INFO:root:0 32400 156759.93587899208

INFO:root:0 32500 157249.13206863403

INFO:root:0 32600 157719.77175879478

INFO:root:0 32700 158209.6193535328

INFO:root:0 32800 158684.60569119453

INFO:root:0 32900 159162.76051688194

INFO:root:0 33000 159655.55504274368

INFO:root:0 33100 160126.4085700512

INFO:root:0 33200 160627.87029576302

INFO:root:0 33300 161102.35769939423

INFO:root:0 33400 161594.5403163433

INFO:root:0 33500 162082.24855065346

INFO:root:0 33600 162558.56121850014

INFO:root:0 33700 163040.3430674076

INFO:root:0 33800 163524.4207444191

INFO:root:0 33900 164005.1326458454

INFO:root:0 34000 164488.2895448208

INFO:root:0 34100 164977.8345065117

INFO:root:0 34200 165448.1574409008

INFO:root:0 34300 165946.25563144684

INFO:root:0 34400 166438.53878331184

INFO:root:0 34500 166962.05701446533

INFO:root:0 34600 167455.98997664452

INFO:root:0 34700 167939.0307393074

INFO:root:0 34800 168405.62542390823

INFO:root:0 34900 168885.11039853096

INFO:root:0 35000 169358.4702680111

INFO:root:0 35100 169857.52844715118

INFO:root:0 35200 170343.45877194405

INFO:root:0 35300 170843.1485748291

INFO:root:0 35400 171320.42494010925

INFO:root:0 35500 171795.85362124443

INFO:root:0 35600 172275.05241656303

INFO:root:0 35700 172737.7068631649

INFO:root:0 35800 173217.98192548752

INFO:root:0 35900 173703.62277913094

INFO:root:0 36000 174189.38564109802

INFO:root:0 36100 174677.63745975494

INFO:root:0 36200 175174.41455221176

INFO:root:0 36300 175661.2332136631

INFO:root:0 36400 176155.0254161358

INFO:root:0 36500 176636.14341282845

INFO:root:0 36600 177125.00399684906

INFO:root:0 36700 177603.95709848404

INFO:root:0 36800 178076.08439064026

INFO:root:0 36900 178560.97397613525

INFO:root:0 37000 179050.45167970657

INFO:root:0 37100 179542.79593515396

INFO:root:0 37200 180021.01297307014

INFO:root:0 37300 180508.85961556435

INFO:root:0 37400 180984.4282233715

INFO:root:0 37500 181460.41530299187

INFO:root:0 37600 181941.37163996696

INFO:root:0 37700 182416.380361557

INFO:root:0 37800 182899.9816749096

INFO:root:0 37900 183390.67653679848

INFO:root:0 38000 183871.31484127045

INFO:root:0 38100 184366.5447332859

INFO:root:0 38200 184869.9183063507

INFO:root:0 38300 185340.66084384918

INFO:root:0 38400 185805.60423350334

INFO:root:0 38500 186288.2744665146

INFO:root:0 38600 186783.8920469284

INFO:root:0 38700 187267.14589214325

INFO:root:0 38800 187762.034709692

INFO:root:0 38900 188230.909719944

INFO:root:0 39000 188703.53613853455

INFO:root:0 39100 189177.35731577873

INFO:root:0 39200 189670.99012088776

INFO:root:0 39300 190147.17485785484

INFO:root:0 39400 190633.13655352592

INFO:root:0 39500 191128.92933249474

INFO:root:0 39600 191606.55679869652

INFO:root:0 39700 192084.2917881012

INFO:root:0 39800 192574.23945975304

INFO:root:0 39900 193082.4184217453

INFO:root:0 40000 193555.69603848457

INFO:root:0 40100 194027.66602993011

INFO:root:0 40200 194525.38545155525

INFO:root:0 40300 195001.85314631462

INFO:root:0 40400 195478.62080049515

INFO:root:0 40500 195960.0420563221

INFO:root:0 40600 196434.15893650055

INFO:root:0 40700 196914.95606946945

INFO:root:0 40800 197393.22611355782

INFO:root:0 40900 197881.33201360703

INFO:root:0 41000 198351.20551419258

INFO:root:0 41100 198843.31143569946

INFO:root:0 41200 199338.66691946983

INFO:root:0 41300 199823.39042377472

INFO:root:0 41400 200299.88420009613

INFO:root:0 41500 200770.57080984116

INFO:root:0 41600 201254.8359489441

INFO:root:0 41700 201753.7579319477

INFO:root:0 41800 202253.71706986427

INFO:root:0 41900 202737.433729887

INFO:root:0 42000 203213.8905646801

INFO:root:0 42100 203695.4852449894

INFO:root:0 42200 204182.47999286652

INFO:root:0 42300 204667.68987965584

INFO:root:0 42400 205143.94448781013

INFO:root:0 42500 205626.24296832085

INFO:root:0 42600 206119.81207323074

INFO:root:0 42700 206584.018969059

INFO:root:0 42800 207069.71721625328

INFO:root:0 42900 207543.62806105614

INFO:root:0 43000 208018.490077734

INFO:root:0 43100 208513.34515571594

INFO:root:0 43200 208998.69698238373

INFO:root:0 43300 209480.37323760986

INFO:root:0 43400 209951.78777360916

INFO:root:0 43500 210429.65112900734

INFO:root:0 43600 210920.04593086243

INFO:root:0 43700 211385.29560351372

INFO:root:0 43800 211863.3313524723

INFO:root:0 43900 212339.1493229866

INFO:root:0 44000 212825.50048208237

INFO:root:0 44100 213316.16116261482

INFO:root:0 44200 213798.92432045937

INFO:root:0 44300 214279.285343647

INFO:root:0 44400 214752.40745544434

INFO:root:0 44500 215240.35482048988

INFO:root:0 44600 215728.34382915497

INFO:root:0 44700 216231.38925123215

INFO:root:0 44800 216710.35626626015

INFO:root:0 44900 217183.2299234867

INFO:root:0 45000 217661.0969092846

INFO:root:0 45100 218156.8643641472

INFO:root:0 45200 218654.63057088852

INFO:root:0 45300 219136.24735212326

INFO:root:0 45400 219622.97101712227

INFO:root:0 45500 220116.10107541084

INFO:root:0 45600 220593.57301664352

INFO:root:0 45700 221084.47431230545

INFO:root:0 45800 221578.88912034035

INFO:root:0 45900 222086.20161247253

INFO:root:0 100 438.9508213996887

INFO:root:0 200 874.0084238052368

INFO:root:0 300 1304.6677458286285

INFO:root:0 400 1720.7280237674713

INFO:root:0 500 2147.567365169525

INFO:root:0 600 2594.086937189102

INFO:root:0 700 3030.454331636429

INFO:root:0 800 3469.9775528907776

INFO:root:0 900 3905.4475615024567

INFO:root:0 1000 4359.795969247818

INFO:root:0 1100 4798.570563077927

INFO:root:0 1200 5228.671379804611

INFO:root:0 1300 5661.572617530823

INFO:root:0 1400 6111.346328496933

INFO:root:0 1500 6565.654098272324

INFO:root:0 1600 6996.486527681351

INFO:root:0 1700 7442.46070933342

INFO:root:0 1800 7894.775038480759

INFO:root:0 1900 8333.33893442154

INFO:root:0 2000 8767.036169290543

INFO:root:0 2100 9196.70154452324

INFO:root:0 2200 9647.708467960358

INFO:root:0 2300 10085.267360925674

INFO:root:0 2400 10520.868699073792

INFO:root:0 2500 10948.833817720413

INFO:root:0 2600 11395.38323879242

INFO:root:0 2700 11830.269227981567

INFO:root:0 2800 12249.40146112442

INFO:root:0 2900 12692.944943666458

INFO:root:0 3000 13132.867957353592

INFO:root:0 3100 13562.510891914368

INFO:root:0 3200 14008.859134674072

INFO:root:0 3300 14437.08479642868

INFO:root:0 3400 14865.838826179504

INFO:root:0 3500 15304.6127846241

INFO:root:0 3600 15729.679601192474

INFO:root:0 3700 16167.627133131027

INFO:root:0 3800 16625.489085912704

INFO:root:0 3900 17078.34225320816

INFO:root:0 4000 17525.146114468575

INFO:root:0 4100 17989.044781327248

INFO:root:0 4200 18442.567253947258

INFO:root:0 4300 18887.090743899345

INFO:root:0 4400 19328.911554932594

INFO:root:0 4500 19777.645352482796

INFO:root:0 4600 20211.67377269268

INFO:root:0 4700 20646.462713360786

INFO:root:0 4800 21083.15877187252

INFO:root:0 4900 21505.233841061592

INFO:root:0 5000 21928.647730708122

INFO:root:0 5100 22364.447131991386

INFO:root:0 5200 22797.55480635166

INFO:root:0 5300 23223.227714180946

INFO:root:0 5400 23659.160016655922

INFO:root:0 5500 24100.432432293892

INFO:root:0 5600 24534.568158507347

INFO:root:0 5700 24983.88280403614

INFO:root:0 5800 25426.517727017403

INFO:root:0 5900 25855.713668465614

INFO:root:0 6000 26289.3603464365

INFO:root:0 6100 26711.745423197746

INFO:root:0 6200 27154.673891425133

INFO:root:0 6300 27596.06198847294

INFO:root:0 6400 28038.114223837852

INFO:root:0 6500 28479.466985344887

INFO:root:0 6600 28918.257305264473

INFO:root:0 6700 29342.406670689583

INFO:root:0 6800 29773.10665309429

INFO:root:0 6900 30199.27856874466

INFO:root:0 7000 30642.056011915207

INFO:root:0 7100 31087.840460062027

INFO:root:0 7200 31542.326866149902

INFO:root:0 7300 31970.749479055405

INFO:root:0 7400 32392.876100063324

INFO:root:0 7500 32826.14736175537

INFO:root:0 7600 33252.7627017498

INFO:root:0 7700 33709.845415353775

INFO:root:0 7800 34128.00277328491

INFO:root:0 7900 34585.37814283371

INFO:root:0 8000 35024.510644197464

INFO:root:0 8100 35465.85968065262

INFO:root:0 8200 35915.10945832729

INFO:root:0 8300 36351.84617745876

INFO:root:0 8400 36780.69868576527

INFO:root:0 8500 37201.42064988613

INFO:root:0 8600 37636.41388499737

INFO:root:0 8700 38075.09554183483

INFO:root:0 8800 38516.27332985401

INFO:root:0 8900 38947.587517380714

INFO:root:0 9000 39382.222313284874

INFO:root:0 9100 39821.189249396324

INFO:root:0 9200 40266.69772994518

INFO:root:0 9300 40704.788955807686

INFO:root:0 9400 41135.00014054775

INFO:root:0 9500 41563.02312171459

INFO:root:0 9600 41998.081563830376

INFO:root:0 9700 42439.76286184788

INFO:root:0 9800 42892.15347182751

INFO:root:0 9900 43326.86715400219

INFO:root:0 10000 43773.80376017094

INFO:root:0 10100 44204.189703822136

INFO:root:0 10200 44635.186764121056

INFO:root:0 10300 45068.92502820492

INFO:root:0 10400 45507.96308076382

INFO:root:0 10500 45947.44371497631

INFO:root:0 10600 46386.019948363304

INFO:root:0 10700 46821.79607570171

INFO:root:0 10800 47267.62386405468

INFO:root:0 10900 47700.30272448063

INFO:root:0 11000 48135.963210463524

INFO:root:0 11100 48573.61278092861

INFO:root:0 11200 49008.4863871336

INFO:root:0 11300 49454.2233287096

INFO:root:0 11400 49885.24560010433

INFO:root:0 11500 50339.945137143135

INFO:root:0 11600 50787.71856582165

INFO:root:0 11700 51227.34945857525

INFO:root:0 11800 51669.087421536446

INFO:root:0 11900 52102.99094355106

INFO:root:0 12000 52546.672345519066

INFO:root:0 12100 52992.193565011024

INFO:root:0 12200 53446.084099173546

INFO:root:0 12300 53874.31476700306

INFO:root:0 12400 54312.961872935295

INFO:root:0 12500 54738.58452284336

INFO:root:0 12600 55163.90646779537

INFO:root:0 12700 55601.44283926487

INFO:root:0 12800 56050.959315657616

INFO:root:0 12900 56510.88967192173

INFO:root:0 13000 56942.48641335964

INFO:root:0 13100 57373.08847105503

INFO:root:0 13200 57816.69609129429

INFO:root:0 13300 58254.90684187412

INFO:root:0 13400 58700.505009293556

INFO:root:0 13500 59129.72986185551

INFO:root:0 13600 59566.90285754204

INFO:root:0 13700 59996.759101867676

INFO:root:0 13800 60446.2609603405

INFO:root:0 13900 60866.12318587303

INFO:root:0 14000 61298.314276218414

INFO:root:0 14100 61727.110231637955

INFO:root:0 14200 62174.9895863533

INFO:root:0 14300 62621.39107584953

INFO:root:0 14400 63054.40474009514

INFO:root:0 14500 63471.7437081337

INFO:root:0 14600 63898.93882083893

INFO:root:0 14700 64334.731954574585

INFO:root:0 14800 64768.1716196537

INFO:root:0 14900 65198.197048187256

INFO:root:0 15000 65634.66150951385

INFO:root:0 15100 66071.92061042786

INFO:root:0 15200 66501.5663702488

INFO:root:0 15300 66942.44147872925

INFO:root:0 15400 67377.8695025444

INFO:root:0 15500 67805.74768137932

INFO:root:0 15600 68249.9127831459

INFO:root:0 15700 68693.45078849792

INFO:root:0 15800 69133.83510398865

INFO:root:0 15900 69576.16349029541

INFO:root:0 16000 70013.72026896477

INFO:root:0 16100 70454.86715531349

INFO:root:0 16200 70908.89552855492

INFO:root:0 16300 71372.24293661118

INFO:root:0 16400 71828.12952780724

INFO:root:0 16500 72269.68368148804

INFO:root:0 16600 72686.4775838852

INFO:root:0 16700 73128.14637517929

INFO:root:0 16800 73562.19157743454

INFO:root:0 16900 74005.89164066315

INFO:root:0 17000 74451.93752121925

INFO:root:0 17100 74883.75705873966

INFO:root:0 17200 75332.29011809826

