INFO:root:0 10tensor([0.1066, 0.0916, 0.0877, 0.0851, 0.1016, 0.1257, 0.0982, 0.0853, 0.0994,
        0.1136, 0.1387, 0.1066, 0.1255, 0.0738, 0.0981, 0.1231, 0.0950, 0.1356,
        0.1063, 0.1038, 0.0912, 0.0921, 0.1088, 0.1202, 0.1384, 0.0810, 0.0797,
        0.0699, 0.0575, 0.0704, 0.0995, 0.1102, 0.0787, 0.0971, 0.1014, 0.0719,
        0.0668, 0.0632, 0.1029, 0.1126, 0.1214, 0.1164, 0.0882, 0.0635, 0.0638,
        0.0980, 0.1364, 0.1362, 0.0837], device='cuda:0',
       grad_fn=<SqueezeBackward0>)

INFO:root:1 10tensor([0.1013, 0.1103, 0.0732, 0.0810, 0.0730, 0.0706, 0.0640, 0.1195, 0.1295,
        0.0900, 0.1005, 0.0788, 0.0805, 0.0756, 0.0775, 0.0964, 0.1142, 0.0999,
        0.0863, 0.0816, 0.0659, 0.0583, 0.0872, 0.1147, 0.1093, 0.1529, 0.1238,
        0.0569, 0.0534, 0.1183, 0.1377, 0.1305, 0.1945, 0.1511, 0.0892, 0.0471,
        0.1007, 0.1527, 0.1038, 0.1690, 0.1420, 0.1025, 0.0693, 0.0780, 0.1023,
        0.0877, 0.1204, 0.1245, 0.0856], device='cuda:0',
       grad_fn=<SqueezeBackward0>)

INFO:root:0 106.551865577697754

INFO:root:1 105.479423522949219

INFO:root:0 104.996527671813965

INFO:root:episode:1
INFO:root:loss:4.996527671813965
INFO:root:1 104.925600051879883

INFO:root:episode:2
INFO:root:loss:4.925600051879883
INFO:root:0 1006.1970720291137695

INFO:root:0 2004.165791034698486

INFO:root:0 3003.462052822113037

INFO:root:0 4003.9738986492156982

INFO:root:0 5005.587393283843994

INFO:root:0 6003.7050552368164062

INFO:root:0 7005.927385330200195

INFO:root:0 8005.020262718200684

INFO:root:0 9003.970247983932495

INFO:root:0 10006.149313926696777

INFO:root:0 11004.88262414932251

INFO:root:0 1005.707915306091309

INFO:root:0 2003.6826326847076416

INFO:root:0 3002.9650726318359375

INFO:root:0 4003.4931206703186035

INFO:root:0 5005.154740333557129

INFO:root:0 6003.2325174808502197

INFO:root:0 1006.208175182342529

INFO:root:0 2004.062183380126953

INFO:root:0 3003.283123254776001

INFO:root:0 4003.762363910675049

INFO:root:0 5005.306198596954346

INFO:root:0 6003.3746447563171387

INFO:root:0 7005.587157726287842

INFO:root:0 8004.658329963684082

INFO:root:0 9003.53908634185791

INFO:root:0 10005.822431564331055

INFO:root:0 11004.459654808044434

INFO:root:0 1005.0363492035865765

INFO:root:0 2004.753513035774231

INFO:root:0 3004.714032318592071

INFO:root:0 4004.726039316654204

INFO:root:0 5004.593435764312748

INFO:root:0 6004.5608082032203665

INFO:root:0 7004.488389093875885

INFO:root:0 8004.312001845836639

INFO:root:0 9004.511664609909057

INFO:root:0 10004.383191492557525

INFO:root:0 11004.577306110858917

INFO:root:0 12004.421914293766021

INFO:root:0 13004.360518984794617

INFO:root:0 14004.318745257854463

INFO:root:0 15004.433082950115205

INFO:root:0 16004.510560007095337

INFO:root:0 17004.498569867610933

INFO:root:0 18004.23830188035965

INFO:root:0 19004.416593360900879

INFO:root:0 20004.33173045158386

INFO:root:0 21004.479756300449374

INFO:root:0 22004.234998786449431

INFO:root:0 23004.363297145366669

INFO:root:0 24004.47018606901169

INFO:root:0 25004.353714530467986

INFO:root:0 26004.384010210037235

INFO:root:0 27004.304516298770905

INFO:root:0 28004.392316238880156

INFO:root:0 29004.218731405735017

INFO:root:0 30004.26466065645218

INFO:root:0 31004.580964608192444

INFO:root:0 32004.444387745857241

INFO:root:0 33004.40252253293991

INFO:root:0 34004.482980411052705

INFO:root:0 35004.415473244190218

INFO:root:0 36004.314519250392914

INFO:root:episode:1loss:5.449893951416016
INFO:root:episode:2loss:5.425473690032959
INFO:root:episode:3loss:5.4014434814453125
INFO:root:episode:4loss:5.377692222595215
INFO:root:episode:5loss:5.354569435119629
INFO:root:episode:6loss:5.331907272338867
INFO:root:episode:7loss:5.309787273406982
INFO:root:episode:8loss:5.28817892074585
INFO:root:episode:9loss:5.267282485961914
INFO:root:episode:10loss:5.247182846069336
INFO:root:episode:11loss:5.227749824523926
INFO:root:0 1004.661697962284088

INFO:root:0 2004.341400680541994

INFO:root:0 3004.36670958995819

INFO:root:0 4004.440293321609493

INFO:root:0 5004.356283373832701

INFO:root:0 6004.362789976596836

INFO:root:0 7004.315589895248415

INFO:root:0 8004.1633280801773065

INFO:root:0 9004.375594837665558

INFO:root:0 10004.266047892570498

INFO:root:0 11004.467579972743987

INFO:root:0 12004.323559200763702

INFO:root:0 13004.2677303814888

INFO:root:0 14004.232765965461732

INFO:root:0 15004.354310479164125

INFO:root:0 16004.436519548892974

INFO:root:0 17004.429565603733064

INFO:root:0 18004.172229857444764

INFO:root:0 19004.35384572505951

INFO:root:0 20004.274906412363053

INFO:root:0 21004.423265833854676

INFO:root:0 22004.181981806755067

INFO:root:0 23004.313084394931795

INFO:root:0 24004.424084119796754

INFO:root:0 25004.310975265502931

INFO:root:0 26004.3431007146835325

INFO:root:0 27004.26381878376007

INFO:root:0 28004.354516923427582

INFO:root:0 29004.184184896945954

INFO:root:0 30004.229774622917175

INFO:root:0 31004.547917428016662

INFO:root:0 32004.414157130718231

INFO:root:0 33004.371253063678743

INFO:root:0 34004.454102103710173

INFO:root:0 35004.38879593372345

INFO:root:0 36004.287773094177247

INFO:root:0 37004.328752171993256

INFO:root:0 38004.2629395163059245

INFO:root:0 39004.402473349571229

INFO:root:0 40004.176888251304625

INFO:root:0 41004.396185455322265

INFO:root:0 42004.186613681316375

INFO:root:0 43004.117272021770478

INFO:root:0 44004.335674421787263

INFO:root:0 45004.384272089004516

INFO:root:0 46004.360713744163515

INFO:root:0 47004.2807441806793225

INFO:root:0 48004.273652515411375

INFO:root:0 49004.267275252342226

INFO:root:0 50004.236711444854734

INFO:root:0 51004.367274124622345

INFO:root:0 52004.23618724346161

INFO:root:0 53004.2171342813968655

INFO:root:0 54004.466025857925417

INFO:root:0 55004.338618373870849

INFO:root:0 56004.344028518199922

INFO:root:0 57004.263639223575591

INFO:root:0 58004.192039246559144

INFO:root:0 59004.353861880302428

INFO:root:0 60004.17947717666626

INFO:root:0 61004.325525135993959

INFO:root:0 62004.40654109954834

INFO:root:0 63004.383002791404724

INFO:root:0 64004.2618245720863355

INFO:root:0 65004.1990488505363475

INFO:root:0 66004.21509393930435

INFO:root:0 67004.3331879377365095

INFO:root:0 68004.3866150331497185

INFO:root:0 69004.425187728404998

INFO:root:0 70004.336028444766997

INFO:root:0 71004.376717548370363

INFO:root:0 72004.394887819290163

INFO:root:0 73004.230874834060671

INFO:root:0 74004.492438941001891

INFO:root:0 75004.38609244585037

INFO:root:0 76004.193748416900636

INFO:root:0 77004.300811514854432

INFO:root:0 78004.327121787071226

INFO:root:0 79004.434455633163455

INFO:root:0 80004.150396447181703

INFO:root:0 81004.360068604946136

INFO:root:0 82004.284584252834321

INFO:root:0 83004.324402804374697

INFO:root:0 84004.397537562847135

INFO:root:0 85004.178405814170837

INFO:root:0 86004.412907721996304

INFO:root:0 87004.339122495651244

INFO:root:0 88004.416448256969452

INFO:root:0 89004.35148900270462

INFO:root:0 90004.3596503639221185

INFO:root:0 91004.180514278411864

INFO:root:0 92004.297837195396423

INFO:root:0 93004.379258046150207

INFO:root:0 94004.287201712131499

INFO:root:0 95004.2995840096473685

INFO:root:0 96004.272933838367463

INFO:root:0 97004.282361750602723

INFO:root:0 98004.280220272541047

INFO:root:0 99004.251671670675276

INFO:root:0 100004.232508730888368

INFO:root:0 101004.195566430091858

INFO:root:0 102004.308341002464295

INFO:root:0 103004.1916263914108285

INFO:root:0 104004.214866898059846

INFO:root:0 105004.395640995502474

INFO:root:0 106004.345390830039981

INFO:root:0 107004.20807989835739

INFO:root:0 108004.466481945514678

INFO:root:0 109004.403231623172761

INFO:root:0 110004.233352224826814

INFO:root:0 111004.176840214729311

INFO:root:0 112004.382116918563843

INFO:root:0 113004.2238700032234195

INFO:root:0 114004.322718262672423

INFO:root:0 115004.457282607555388

INFO:root:0 116004.311353834867476

INFO:root:0 117004.353144783973694

INFO:root:0 118004.620146160125733

INFO:root:0 119004.319931507110596

INFO:root:0 120004.405524785518647

INFO:root:0 121004.227990901470183

INFO:root:0 122004.174375448226929

INFO:root:0 123004.274978282451631

INFO:root:0 124004.352133851051331

INFO:root:0 125004.246007804870605

INFO:root:0 126004.401219542026518

INFO:root:0 127004.4308284807205185

INFO:root:0 128004.437697842121124

INFO:root:0 129004.298270294666287

INFO:root:0 130004.430930442810058

INFO:root:0 131004.410641577243804

INFO:root:0 132004.571382033824921

INFO:root:0 133004.296637511253358

INFO:root:0 134004.5079403662681585

INFO:root:0 135004.121993806362154

INFO:root:0 136004.637642004489898

INFO:root:0 137004.4604710149765

INFO:root:0 138004.216953608989716

INFO:root:0 139004.199640235900879

INFO:root:0 140004.340750365257265

INFO:root:0 141004.35626622915268

INFO:root:0 142004.284818010330199

INFO:root:0 143004.32807068347931

INFO:root:0 144004.294874980449676

INFO:root:0 145004.32390012741089

INFO:root:0 146004.473281681537628

INFO:root:0 147004.249618513584139

INFO:root:0 148004.420392694473265

INFO:root:0 149004.3005635237693784

INFO:root:0 150004.386748678684236

INFO:root:0 151004.207659039497376

INFO:root:0 152004.232823476791381

INFO:root:0 153004.296472122669221

INFO:root:0 154004.384316841363907

INFO:root:0 155004.323367376327516

INFO:root:0 156004.25138162612915

INFO:root:0 157004.300363786220552

INFO:root:0 158004.418543696403504

INFO:root:0 159004.379976937770844

INFO:root:0 160004.234874351024628

INFO:root:0 161004.30054039478302

INFO:root:0 162004.171400809288026

INFO:root:0 163004.302106931209566

INFO:root:0 164004.406133735179901

INFO:root:0 165004.117235069274902

INFO:root:0 166004.300941839218141

INFO:root:0 167004.250799943208695

INFO:root:0 168004.502507269382477

INFO:root:0 169004.416532497406004

INFO:root:0 170004.427458245754241

INFO:root:0 171004.348250110149385

INFO:root:0 172004.348962297439576

INFO:root:0 173004.539335894584659

INFO:root:0 174004.538291823863983

INFO:root:0 175004.459682023525239

INFO:root:0 176004.360752263069154

INFO:root:0 177004.347990436553953

INFO:root:0 178004.307308123111724

INFO:root:0 179004.359271249771119

INFO:root:0 180004.386914429664612

INFO:root:0 181004.332223217487337

INFO:root:0 182004.340329685211181

INFO:root:0 183004.488678596019747

INFO:root:0 184004.400543003082276

INFO:root:0 185004.260914723873137

INFO:root:0 186004.456790573596955

INFO:root:0 187004.1979153919219945

INFO:root:0 188004.3505602884292625

INFO:root:0 189004.301551644802094

INFO:root:0 190004.5058905267715454

INFO:root:0 191004.331738631725309

INFO:root:0 192004.325836524963379

INFO:root:0 193004.12022287607193

INFO:root:0 194004.361813731193541

INFO:root:0 195004.265072631835937

INFO:root:0 196004.451140272617341

INFO:root:0 197004.213016045093536

INFO:root:0 198004.219484648704529

INFO:root:0 199004.293373813629151

INFO:root:0 200004.378000080585478

INFO:root:0 201004.414136643409729

INFO:root:0 202004.103261195421218

INFO:root:0 203004.363649814128878

INFO:root:0 204004.336025180816651

INFO:root:0 205004.411126606464384

INFO:root:0 206004.23320324420929

INFO:root:0 207004.2774224162101735

INFO:root:0 208004.178726463317871

INFO:root:0 209004.25203384399414

INFO:root:0 210004.2978106570243835

INFO:root:0 211004.251214287281037

INFO:root:0 212004.36571715593338

INFO:root:0 213004.105585194826126

INFO:root:0 214004.226325013637542

INFO:root:0 215004.388571600914002

INFO:root:0 216004.370554356575012

INFO:root:0 217004.36773898601532

INFO:root:0 218004.369003562927247

INFO:root:0 219004.322940766811371

INFO:root:0 220004.42639281272888

INFO:root:0 221004.4535307836532585

INFO:root:0 222004.44602080821991

INFO:root:0 223004.240407274961469

INFO:root:0 224004.577285554409026

INFO:root:0 225004.3751115703582775

INFO:root:0 226004.262352554798124

INFO:root:0 227004.296308031082153

INFO:root:0 228004.308454778194428

INFO:root:0 229004.291247174739835

INFO:root:0 230004.1847539496421815

INFO:root:0 231004.291124025583267

INFO:root:0 232004.344960579872131

INFO:root:0 233004.560536410808561

INFO:root:0 234004.339985351562502

INFO:root:0 235004.300049934387206

INFO:root:0 236004.295004730224611

INFO:root:0 237004.326813402175903

INFO:root:0 238004.399447736740111

INFO:root:0 239004.367239692211153

INFO:root:0 240004.3563830161094685

INFO:root:0 241004.253470854759216

INFO:root:0 242004.241563262939453

INFO:root:0 243004.320869147777557

INFO:root:0 244004.406052191257479

INFO:root:0 245004.194425163269042

INFO:root:0 246004.402208509445189

INFO:root:0 247004.382687449455259

INFO:root:0 248004.312629833221435

INFO:root:0 249004.195041520595551

INFO:root:0 250004.340330145359039

INFO:root:0 251004.321964132785798

INFO:root:0 252004.359484040737153

INFO:root:0 253004.258724102973938

INFO:root:0 254004.313670432567596

INFO:root:0 255004.134342232942579

INFO:root:0 256004.226021792888643

INFO:root:0 257004.338815343379976

INFO:root:0 258004.250412015914916

INFO:root:0 259004.520237662792205

INFO:root:0 260004.334917758703231

INFO:root:0 261004.300088725090029

INFO:root:0 262004.338030095100405

INFO:root:0 263004.2220465540885925

INFO:root:0 264004.41860377073288

INFO:root:0 265004.32241042137146

INFO:root:0 266004.374883124828338

INFO:root:0 267004.312030246257781

INFO:root:0 268004.401104435920716

INFO:root:0 269004.281128623485566

INFO:root:0 270004.303151423931123

INFO:root:0 271004.276895935535432

INFO:root:0 272004.256180653572084

INFO:root:0 273004.393541417121887

INFO:root:0 274004.334037482738495

INFO:root:0 275004.257312784194945

INFO:root:0 276004.233220170736314

INFO:root:0 277004.2508274364471434

INFO:root:0 278004.325840425491332

INFO:root:0 279004.185249378681184

INFO:root:0 280004.58051423549652

INFO:root:0 281004.343258149623872

INFO:root:0 282004.311412516832352

INFO:root:0 283004.4310408043861385

INFO:root:0 284004.305359234809876

INFO:root:0 285004.397781047821046

INFO:root:0 286004.428227267265322

INFO:root:0 287004.381162455081941

INFO:root:0 288004.416822118759156

INFO:root:0 289004.279068198204041

INFO:root:0 290004.410892179012299

INFO:root:0 291004.272711317539215

INFO:root:0 292004.371468377113342

INFO:root:0 293004.419512829780579

INFO:root:0 294004.392784357070925

INFO:root:0 295004.2422351861000065

INFO:root:0 296004.285895929336549

INFO:root:0 297004.357940340042115

INFO:root:0 298004.298534476757048

INFO:root:0 299004.329321904182436

INFO:root:0 300004.498272778987885

INFO:root:0 301004.423249225616454

INFO:root:0 302004.444317288398744

INFO:root:0 303004.285778744220732

INFO:root:0 304004.398113481998446

INFO:root:0 305004.39091305732727

INFO:root:0 306004.4978160524368285

INFO:root:0 307004.402226765155792

INFO:root:0 308004.4367804646492015

INFO:root:0 309004.354636633396147

INFO:root:0 310004.398347648382187

INFO:root:0 311004.254176557064057

INFO:root:0 312004.435148105621338

INFO:root:0 313004.381697218418122

INFO:root:0 314004.407416927814483

INFO:root:0 315004.29016072392464

INFO:root:0 316004.3614098381996165

INFO:root:0 317004.099527683258058

INFO:root:0 318004.310625460147856

INFO:root:0 319004.383108739852905

INFO:root:0 320004.282563147544861

INFO:root:0 321004.226268256902697

INFO:root:0 322004.2974764513969435

INFO:root:0 323004.2678280305862435

INFO:root:0 324004.330236792564393

INFO:root:0 325004.33704698085785

INFO:root:0 326004.358316450119019

INFO:root:0 327004.401479315757752

INFO:root:0 328004.241254491806029

INFO:root:0 329004.1328204822540275

INFO:root:0 330004.38781638622284

INFO:root:0 331004.381966879367826

INFO:root:0 332004.362680547237397

INFO:root:0 333004.319296748638155

INFO:root:0 334004.345565853118895

INFO:root:0 335004.447480857372282

INFO:root:0 336004.050538556575774

INFO:root:0 337004.29975152730942

INFO:root:0 338004.5303494429588325

INFO:root:0 339004.358032066822052

INFO:root:0 340004.439095776081086

INFO:root:0 341004.2933625125885015

INFO:root:0 342004.43307336091995

INFO:root:0 343004.230985832214355

INFO:root:0 344004.215997335910798

INFO:root:0 345004.489215838909149

INFO:root:0 346004.3053781509399425

INFO:root:0 347004.073239841461182

INFO:root:0 348004.32972579717636

INFO:root:0 349004.479841604232788

INFO:root:0 350004.208736302852629

INFO:root:0 351004.372392005920409

INFO:root:0 352004.369130830764772

INFO:root:0 353004.291920855045319

INFO:root:0 354004.158726627826691

INFO:root:0 355004.240642178058624

INFO:root:0 356004.265085551738739

INFO:root:0 357004.315316045284272

INFO:root:0 358004.2659032535552965

INFO:root:0 359004.401459162235261

INFO:root:0 360004.280386395454405

INFO:root:0 361004.475085427761078

INFO:root:0 362004.324451689720152

INFO:root:0 363004.426949863433839

INFO:root:0 364004.333225274085999

INFO:root:0 365004.393103134632111

INFO:root:0 366004.432677497863769

INFO:root:0 367004.28527156829834

INFO:root:0 368004.215133380889893

INFO:root:0 369004.45672485589981

INFO:root:0 370004.263063600063326

INFO:root:0 371004.345093829631806

INFO:root:0 372004.338142979145051

INFO:root:0 373004.380593397617338

INFO:root:0 374004.413337398767472

INFO:root:0 375004.410056283473969

INFO:root:0 376004.35495020866394

INFO:root:0 377004.360346138477324

INFO:root:0 378004.373455164432526

INFO:root:0 379004.317774751186371

INFO:root:0 380004.314877986907962

INFO:root:0 381004.281611244678497

INFO:root:0 382004.369439477920533

INFO:root:0 383004.167821226119995

INFO:root:0 384004.312295989990234

INFO:root:0 385004.360283830165862

INFO:root:0 386004.266014075279236

INFO:root:0 387004.439021527767182

INFO:root:0 388004.326354360580443

INFO:root:0 389004.35789438486099

INFO:root:0 390004.2540670990943905

INFO:root:0 391004.254683847427368

INFO:root:0 392004.267810621261596

INFO:root:0 393004.260052397251127

INFO:root:0 394004.2524820733070365

INFO:root:0 395004.545523273944856

INFO:root:0 396004.4113595795631415

INFO:root:0 397004.320066602230072

INFO:root:0 398004.35193030357361

INFO:root:0 399004.393673095703127

INFO:root:0 400004.2138910126686095

INFO:root:0 401004.43254856824875

INFO:root:0 402004.23084242105484

INFO:root:0 403004.332972693443297

INFO:root:0 404004.144333651065824

INFO:root:0 405004.323433518409729

INFO:root:0 406004.271658459901807

INFO:root:0 407004.3598503327369675

INFO:root:0 408004.341435008049012

INFO:root:0 409004.267138550281525

INFO:root:0 410004.3875977027416235

INFO:root:0 411004.429692828655242

INFO:root:0 412004.367687075138092

INFO:root:0 413004.176384117603301

INFO:root:0 414004.443195402622225

INFO:root:0 415004.284816535711289

INFO:root:0 416004.407352492809296

INFO:root:0 417004.423205204010011

INFO:root:0 418004.395697089433671

INFO:root:0 419004.119048042297363

INFO:root:0 420004.226568701267244

INFO:root:0 421004.270441409349442

INFO:root:0 422004.407582437992095

INFO:root:0 423004.214211639165878

INFO:root:0 424004.308779051303864

INFO:root:0 425004.411545403003692

INFO:root:0 426004.220827531814575

INFO:root:0 427004.248173840045928

INFO:root:0 428004.304446308612823

INFO:root:0 429004.29112951040268

INFO:root:0 430004.389368064403536

INFO:root:0 431004.22217839717865

INFO:root:0 432004.37242384672165

INFO:root:0 433004.315655019283293

INFO:root:0 434004.300949693918225

INFO:root:0 435004.420213011503223

INFO:root:0 436004.186363565921784

INFO:root:0 437004.2383085322380065

INFO:root:0 438004.371532168388368

INFO:root:0 439004.398085000514981

INFO:root:0 440004.2804815864562995

INFO:root:0 441004.320991723537446

INFO:root:0 442004.303295185565949

INFO:root:0 443004.290076991319657

INFO:root:0 444004.3062529540061965

INFO:root:0 445004.439778134822845

INFO:root:0 446004.241893513202667

INFO:root:0 447004.316105024814605

INFO:root:0 448004.381612718105317

INFO:root:0 449004.3538723683357246

INFO:root:0 450004.239862294197082

INFO:root:0 451004.301417365074158

INFO:root:0 452004.240476434230804

INFO:root:0 453004.405222592353821

INFO:root:0 454004.257770426273347

INFO:root:0 455004.507486903667451

INFO:root:0 456004.44682998895645

INFO:root:0 457004.129897084236145

INFO:root:0 458004.465708987712864

INFO:root:0 459004.284385688304902

INFO:root:0 460004.446271457672119

INFO:root:0 461004.200057868957519

INFO:root:0 462004.22675865650177

INFO:root:0 463004.61770698785782

INFO:root:0 464004.492116546630857

INFO:root:0 465004.2958366322517385

INFO:root:0 466004.273906598091127

INFO:root:0 467004.342816870212555

INFO:root:0 468004.418865346908568

INFO:root:0 469004.27389902830124

INFO:root:0 470004.219049665927886

INFO:root:0 471004.407911868095397

INFO:root:0 472004.352829806804658

INFO:root:0 473004.349115352630613

INFO:root:0 474004.251889851093292

INFO:root:0 475004.17088963508606

INFO:root:0 476004.228433635234836

INFO:root:0 477004.503971383571625

INFO:root:0 478004.37757616996765

INFO:root:0 479004.198996107578279

INFO:root:0 480004.384266176223755

INFO:root:0 481004.264726586341857

INFO:root:0 482004.2743215322494486

INFO:root:0 483004.190161812305449

INFO:root:0 484004.2952024817466725

INFO:root:0 485004.179472212791444

INFO:root:0 486004.385746366977693

INFO:root:0 487004.380246546268462

INFO:root:0 488004.313303394317626

INFO:root:0 489004.34969223022461

INFO:root:0 490004.408189449310304

INFO:root:0 491004.326609416007997

INFO:root:0 492004.3914150047302245

INFO:root:0 493004.205753924846649

INFO:root:0 494004.324740750789643

INFO:root:0 495004.36514527797699

INFO:root:0 496004.253150444030762

INFO:root:0 497004.333942849636077

INFO:root:0 498004.315264158248901

INFO:root:0 499004.378690264225005

INFO:root:0 500004.272905546426773

INFO:root:episode:1loss:4.647510051727295
INFO:root:1 1004.410335834026337

INFO:root:1 2004.259027030467989

INFO:root:1 3004.319700269699096

INFO:root:1 4004.410177395343781

INFO:root:1 5004.334493894577027

INFO:root:1 6004.349088802337648

INFO:root:1 7004.303232803344725

INFO:root:1 8004.154206624031067

INFO:root:1 9004.3677199387550365

INFO:root:1 10004.262254035472872

INFO:root:1 11004.462868881225584

INFO:root:1 12004.3201588630676255

INFO:root:1 13004.263766415119172

INFO:root:1 14004.230070538520813

INFO:root:1 15004.35232691049576

INFO:root:1 16004.434692800045013

INFO:root:1 17004.427676486968993

INFO:root:1 18004.170920283794403

INFO:root:1 19004.352749567031861

INFO:root:1 20004.2741273939609545

INFO:root:1 21004.422035088539123

INFO:root:1 22004.180724127292633

INFO:root:1 23004.312182579040526

INFO:root:1 24004.423513226509093

INFO:root:1 25004.310325365066529

INFO:root:1 26004.342576003074645

INFO:root:1 27004.263293023109434

INFO:root:1 28004.354490096569061

INFO:root:1 29004.184031462669371

INFO:root:1 30004.229670386314388

INFO:root:1 31004.547659964561463

INFO:root:1 32004.414000911712647

INFO:root:1 33004.371197123527529

INFO:root:1 34004.4540723085403435

INFO:root:1 35004.388772635459899

INFO:root:1 36004.287592825889585

INFO:root:1 37004.328669676780702

INFO:root:1 38004.262736989259721

INFO:root:1 39004.402402346134187

INFO:root:1 40004.176746666431428

INFO:root:1 41004.3961882686615

INFO:root:1 42004.186660079956055

INFO:root:1 43004.117205018997192

INFO:root:1 44004.335703246593477

INFO:root:1 45004.384327120780944

INFO:root:1 46004.360592455863956

INFO:root:1 47004.2806625866889965

INFO:root:1 48004.273576505184175

INFO:root:1 49004.267205812931062

INFO:root:1 50004.236606645584104

INFO:root:1 51004.367175688743592

INFO:root:1 52004.236188828945159

INFO:root:1 53004.217032713890076

INFO:root:1 54004.465929853916169

INFO:root:1 55004.338537533283232

INFO:root:1 56004.344028952121734

INFO:root:1 57004.263637974262236

INFO:root:1 58004.192089228630064

INFO:root:1 59004.353819111585617

INFO:root:1 60004.179441668987274

INFO:root:1 61004.3255324959754935

INFO:root:1 62004.4065065956115745

INFO:root:1 63004.383028767108916

INFO:root:1 64004.261841306686402

INFO:root:1 65004.199041299819946

INFO:root:1 66004.215067615509033

INFO:root:1 67004.333181002140047

INFO:root:1 68004.386621105670926

INFO:root:1 69004.425175344944

INFO:root:1 70004.335992705821992

INFO:root:1 71004.376738936901094

INFO:root:1 72004.394906959533693

INFO:root:1 73004.230861911773681

INFO:root:1 74004.4924162387847915

INFO:root:1 75004.386065278053285

INFO:root:1 76004.193759822845459

INFO:root:1 77004.300802026987077

INFO:root:1 78004.3270920920372

INFO:root:1 79004.434459500312804

INFO:root:1 80004.15039562225342

INFO:root:1 81004.360067055225372

INFO:root:1 82004.284565470218658

INFO:root:1 83004.324388113021852

INFO:root:1 84004.397517786026001

INFO:root:1 85004.1784059429168705

INFO:root:1 86004.412891039848328

INFO:root:1 87004.339141016006469

INFO:root:1 88004.416451864242554

INFO:root:1 89004.351466448307037

INFO:root:1 90004.359666738510133

INFO:root:1 91004.180500597953797

INFO:root:1 92004.297836434841156

INFO:root:1 93004.379259655475618

INFO:root:1 94004.287199301719665

INFO:root:1 95004.299585275650024

INFO:root:1 96004.272949702739715

INFO:root:1 97004.282371969223022

INFO:root:1 98004.2802211165428155

INFO:root:1 99004.251662220954895

INFO:root:1 100004.232505667209627

INFO:root:1 101004.195569317340849

INFO:root:1 102004.308323650360108

INFO:root:1 103004.191627984046934

INFO:root:1 104004.2148539829254155

INFO:root:1 105004.395649399757386

INFO:root:1 106004.345401332378388

INFO:root:1 107004.20807997226715

INFO:root:1 108004.466474113464356

INFO:root:1 109004.403233785629272

INFO:root:1 110004.233353192806244

INFO:root:1 111004.176855497360229

INFO:root:1 112004.382120666503908

INFO:root:1 113004.223877730369567

INFO:root:1 114004.3227136731147775

INFO:root:1 115004.4572847676277165

INFO:root:1 116004.311341860294342

INFO:root:1 117004.3531356620788575

INFO:root:1 118004.620144755840303

INFO:root:1 119004.3199323797225935

INFO:root:1 120004.405526149272919

INFO:root:1 121004.227995171546937

INFO:root:1 122004.174378097057341

INFO:root:1 123004.274977319240571

INFO:root:1 124004.3521270132064815

INFO:root:1 125004.246006622314455

INFO:root:1 126004.401222863197327

INFO:root:1 127004.430834660530088

INFO:root:1 128004.437698252201081

INFO:root:1 129004.298267829418182

INFO:root:1 130004.430925853252409

INFO:root:1 131004.410648787021636

INFO:root:1 132004.571382706165314

INFO:root:1 133004.296631715297701

INFO:root:1 134004.507936000823974

INFO:root:1 135004.121997261047362

INFO:root:1 136004.63764515161514

INFO:root:1 137004.460470197200775

INFO:root:1 138004.2169453978538485

INFO:root:1 139004.1996360945701605

INFO:root:1 140004.340753917694094

INFO:root:1 141004.356261889934539

INFO:root:1 142004.284820289611818

INFO:root:1 143004.328074324131012

INFO:root:1 144004.294877145290375

INFO:root:1 145004.323901743888854

INFO:root:1 146004.473277735710145

INFO:root:1 147004.249622290134428

INFO:root:1 148004.4203929972648615

INFO:root:1 149004.300564057826997

INFO:root:1 150004.386749522686006

INFO:root:1 151004.207653527259826

INFO:root:1 152004.232824947834016

INFO:root:1 153004.2964745616912845

INFO:root:1 154004.3843182802200324

INFO:root:1 155004.323368985652923

INFO:root:1 156004.251382539272307

INFO:root:1 157004.300360891819001

INFO:root:1 158004.41854353904724

INFO:root:1 159004.379978327751163

INFO:root:1 160004.234871518611908

INFO:root:1 161004.30053549528122

INFO:root:1 162004.171401965618134

INFO:root:1 163004.302106697559355

INFO:root:1 164004.4061369848251335

INFO:root:1 165004.117236711978912

INFO:root:1 166004.300940501689912

INFO:root:1 167004.2507955980300896

INFO:root:1 168004.502504892349242

INFO:root:1 169004.416532268524169

INFO:root:1 170004.427455368041992

INFO:root:1 171004.34825314760208

INFO:root:1 172004.348961308002472

INFO:root:1 173004.53933040857315

INFO:root:1 174004.538295838832858

INFO:root:1 175004.459682559967039

INFO:root:1 176004.360751774311064

INFO:root:1 177004.347988049983979

INFO:root:1 178004.307306480407715

INFO:root:1 179004.3592688894271845

INFO:root:1 180004.3869107055664065

INFO:root:1 181004.3322209119796735

INFO:root:1 182004.340328691005706

INFO:root:1 183004.488674454689027

INFO:root:1 184004.400543305873872

INFO:root:1 185004.260916121006012

INFO:root:1 186004.456789937019347

INFO:root:1 187004.1979115617275236

INFO:root:1 188004.350561833381652

INFO:root:1 189004.3015501594543455

INFO:root:1 190004.505887649059297

INFO:root:1 191004.331739459037781

INFO:root:1 192004.325839552879336

INFO:root:1 193004.120220800638198

INFO:root:1 194004.361812788248062

INFO:root:1 195004.265071651935576

INFO:root:1 196004.451139078140258

INFO:root:1 197004.213014380931855

INFO:root:1 198004.219485931396483

INFO:root:1 199004.293373522758483

INFO:root:1 200004.377997877597807

INFO:root:1 201004.41413942337036

INFO:root:1 202004.1032595396041875

INFO:root:1 203004.3636521410942075

INFO:root:1 204004.336026167869569

INFO:root:1 205004.411126468181612

INFO:root:1 206004.23320630788803

INFO:root:1 207004.277421333789825

INFO:root:1 208004.178721187114715

INFO:root:1 209004.252030582427978

INFO:root:1 210004.297811160087584

INFO:root:1 211004.251211581230164

INFO:root:1 212004.36572042942047

INFO:root:1 213004.105584532022477

INFO:root:1 214004.226326036453247

INFO:root:1 215004.388573162555696

INFO:root:1 216004.370554847717284

INFO:root:1 217004.367736895084379

INFO:root:1 218004.369004023075104

INFO:root:1 219004.322940433025359

INFO:root:1 220004.426392133235933

INFO:root:1 221004.453533978462219

INFO:root:1 222004.4460200881958

INFO:root:1 223004.240407652854919

INFO:root:1 224004.577285346984862

INFO:root:1 225004.375107305049897

INFO:root:1 226004.262353212833404

INFO:root:1 227004.296308255195619

INFO:root:1 228004.308457322120669

INFO:root:1 229004.291242923736573

INFO:root:1 230004.184755949974062

INFO:root:1 231004.2911249423027025

INFO:root:1 232004.344963002204895

INFO:root:1 233004.560536782741544

INFO:root:1 234004.339988961219787

INFO:root:1 235004.300054302215576

INFO:root:1 236004.2950066781044

INFO:root:1 237004.326812924146655

INFO:root:1 238004.399443933963775

INFO:root:1 239004.3672411632537855

INFO:root:1 240004.356383547782899

INFO:root:1 241004.253475208282471

INFO:root:1 242004.2415616416931154

INFO:root:1 243004.320869472026823

INFO:root:1 244004.406054153442382

INFO:root:1 245004.194427316188812

INFO:root:1 246004.402211112976076

INFO:root:1 247004.382690010070802

INFO:root:1 248004.312628543376922

INFO:root:1 249004.195045571327208

INFO:root:1 250004.34033219575882

INFO:root:1 251004.321960961818695

INFO:root:1 252004.35948458433151

INFO:root:1 253004.258725762367249

INFO:root:1 254004.3136755752563465

INFO:root:1 255004.134342736005784

INFO:root:1 256004.226022703647613

INFO:root:1 257004.338812195062638

INFO:root:1 258004.2504085803031915

INFO:root:1 259004.52023693561554

INFO:root:1 260004.334917346239091

INFO:root:1 261004.300089316368103

INFO:root:1 262004.338030095100404

INFO:root:1 263004.2220448088645925

INFO:root:1 264004.418605287075041

INFO:root:1 265004.322410886287691

INFO:root:1 266004.374883759021761

INFO:root:1 267004.31203216075897

INFO:root:1 268004.401107988357543

INFO:root:1 269004.281128029823303

INFO:root:1 270004.3031525230407714

INFO:root:1 271004.276892454624176

INFO:root:1 272004.256180896759032

INFO:root:1 273004.393543031215669

INFO:root:1 274004.334036900997161

INFO:root:1 275004.257305526733399

INFO:root:1 276004.233222943544388

INFO:root:1 277004.250828573703766

INFO:root:1 278004.325846354961394

INFO:root:1 279004.185248034000397

INFO:root:1 280004.580514953136444

INFO:root:1 281004.343258664608003

INFO:root:1 282004.31141448497772

INFO:root:1 283004.431042957305908

INFO:root:1 284004.305361306667329

INFO:root:1 285004.397781202793123

INFO:root:1 286004.428232629299165

INFO:root:1 287004.381162350177766

INFO:root:1 288004.416822900772094

INFO:root:1 289004.27907107114792

INFO:root:1 290004.410895953178405

INFO:root:1 291004.272710618972777

INFO:root:1 292004.371471083164217

INFO:root:1 293004.419511530399322

INFO:root:1 294004.392782769203187

INFO:root:1 295004.242235205173492

INFO:root:1 296004.285894031524656

INFO:root:1 297004.357941071987152

INFO:root:1 298004.298536374568941

INFO:root:1 299004.329321491718293

INFO:root:1 300004.498270456790925

INFO:root:1 301004.423247537612915

INFO:root:1 302004.444319999217988

INFO:root:1 303004.285774512290952

INFO:root:1 304004.3981125545501705

INFO:root:1 305004.3909128212928765

INFO:root:1 306004.49781507730484

INFO:root:1 307004.402221400737762

INFO:root:1 308004.436778748035429

INFO:root:1 309004.354638152122498

INFO:root:1 310004.398349990844728

INFO:root:1 311004.254175155162813

INFO:root:1 312004.435149307250978

INFO:root:1 313004.381695287227631

INFO:root:1 314004.407416353225709

INFO:root:1 315004.290159475803375

INFO:root:1 316004.361408054828646

INFO:root:1 317004.099521272182465

INFO:root:1 318004.310623846054077

INFO:root:1 319004.383106634616853

INFO:root:1 320004.282562916278839

INFO:root:1 321004.226270035505295

INFO:root:1 322004.29747207403183

INFO:root:1 323004.267828025817872

INFO:root:1 324004.33023966550827

INFO:root:1 325004.337044966220855

INFO:root:1 326004.358315322399138

INFO:root:1 327004.401479146480561

INFO:root:1 328004.241251633167265

INFO:root:1 329004.132820278406143

INFO:root:1 330004.38781344652176

INFO:root:1 331004.381968739032746

INFO:root:1 332004.3626789641380315

INFO:root:1 333004.319298784732818

INFO:root:1 334004.34556463241577

INFO:root:1 335004.447477641105651

INFO:root:1 336004.050537977218629

INFO:root:1 337004.299751639366148

INFO:root:1 338004.530348784923555

INFO:root:1 339004.358034272193909

INFO:root:1 340004.4390958976745605

INFO:root:1 341004.293361830711365

INFO:root:1 342004.433073024749757

INFO:root:1 343004.230983526706696

INFO:root:1 344004.215997731685639

INFO:root:1 345004.4892168998718285

INFO:root:1 346004.305381495952605

INFO:root:1 347004.073240065574647

INFO:root:1 348004.32972362756729

INFO:root:1 349004.479843342304228

INFO:root:1 350004.208738355636598

INFO:root:1 351004.372392776012422

INFO:root:1 352004.369133949279783

INFO:root:1 353004.291923296451571

INFO:root:1 354004.158727490901946

INFO:root:1 355004.240643074512483

INFO:root:1 356004.265083198547363

INFO:root:1 357004.3153163838386535

INFO:root:1 358004.26589868068695

INFO:root:1 359004.4014590859413145

INFO:root:1 360004.280382118225098

INFO:root:1 361004.4750870013237005

INFO:root:1 362004.324452445507052

INFO:root:1 363004.426952300071716

INFO:root:1 364004.333225667476654

INFO:root:1 365004.393106913566588

INFO:root:1 366004.432675592899323

INFO:root:1 367004.2852750158309965

INFO:root:1 368004.215134096145632

INFO:root:1 369004.456723248958588

INFO:root:1 370004.263062784671786

INFO:root:1 371004.34509332895279

INFO:root:1 372004.338141672611237

INFO:root:1 373004.380592770576476

INFO:root:1 374004.413336259126663

INFO:root:1 375004.410055813789367

INFO:root:1 376004.3549513268470745

INFO:root:1 377004.360348407030106

INFO:root:1 378004.373450853824614

INFO:root:1 379004.317774949073792

INFO:root:1 380004.3148781561851495

INFO:root:1 381004.281613883972168

INFO:root:1 382004.369441204071045

INFO:root:1 383004.167820506095886

INFO:root:1 384004.312295963764193

INFO:root:1 385004.360283529758452

INFO:root:1 386004.266012418270114

INFO:root:1 387004.4390208172798165

INFO:root:1 388004.326353321075441

INFO:root:1 389004.357895989418031

INFO:root:1 390004.254069411754609

INFO:root:1 391004.254683218002319

INFO:root:1 392004.267811295986177

INFO:root:1 393004.260051987171173

INFO:root:1 394004.2524769449234

INFO:root:1 395004.545519361495974

INFO:root:1 396004.4113562273979205

INFO:root:1 397004.320063042640686

INFO:root:1 398004.351928620338438

INFO:root:1 399004.39367184638977

INFO:root:1 400004.213892636299133

INFO:root:1 401004.432545943260191

INFO:root:1 402004.230843193531038

INFO:root:1 403004.33297068834305

INFO:root:1 404004.144336845874788

INFO:root:1 405004.323433079719544

INFO:root:1 406004.271652891635895

INFO:root:1 407004.359849681854249

INFO:root:1 408004.341432745456698

INFO:root:1 409004.267137398719787

INFO:root:1 410004.387593604326248

INFO:root:1 411004.429692568778993

INFO:root:1 412004.367688589096071

INFO:root:1 413004.176383590698242

INFO:root:1 414004.443196268081665

INFO:root:1 415004.284815046787261

INFO:root:1 416004.40735630273819

INFO:root:1 417004.423201334476471

INFO:root:1 418004.395695029497145

INFO:root:1 419004.119047005176545

INFO:root:1 420004.226569349765777

INFO:root:1 421004.270436956882474

INFO:root:1 422004.407582190036774

INFO:root:1 423004.214213432073593

INFO:root:1 424004.308778858184812

INFO:root:1 425004.411544353961943

INFO:root:1 426004.220825762748718

INFO:root:1 427004.248167769908903

INFO:root:1 428004.304446566104888

INFO:root:1 429004.291130628585817

INFO:root:1 430004.389366357326509

INFO:root:1 431004.222178571224214

INFO:root:1 432004.372419676780699

INFO:root:1 433004.315656433105468

INFO:root:1 434004.300947368144989

INFO:root:1 435004.420214996337891

INFO:root:1 436004.186361036300661

INFO:root:1 437004.238309478759765

INFO:root:1 438004.371527230739593

INFO:root:1 439004.3980823898315435

INFO:root:1 440004.2804829502105735

INFO:root:1 441004.320993089675904

INFO:root:1 442004.303297617435459

INFO:root:1 443004.290074331760406

INFO:root:1 444004.306250765323638

INFO:root:1 445004.439773280620575

INFO:root:1 446004.241894550323484

INFO:root:1 447004.316108570098875

INFO:root:1 448004.381614749431612

INFO:root:1 449004.353871972560881

INFO:root:1 450004.239863538742065

INFO:root:1 451004.301416063308716

INFO:root:1 452004.24047304749489

INFO:root:1 453004.405223953723908

INFO:root:1 454004.257768812179565

INFO:root:1 455004.507489964962003

INFO:root:1 456004.446832432746888

INFO:root:1 457004.129900054931639

INFO:root:1 458004.465709269046784

INFO:root:1 459004.2843863523006425

INFO:root:1 460004.4462717294693

INFO:root:1 461004.200054683685303

INFO:root:1 462004.226760333776474

INFO:root:1 463004.6177047014236425

INFO:root:1 464004.492119128704069

INFO:root:1 465004.295833384990693

INFO:root:1 466004.273900854587554

INFO:root:1 467004.342816529273987

INFO:root:1 468004.418866374492644

INFO:root:1 469004.273899071216585

INFO:root:1 470004.219047410488129

INFO:root:1 471004.407912654876712

INFO:root:1 472004.352829389572143

INFO:root:1 473004.349115812778474

INFO:root:1 474004.251889982223511

INFO:root:1 475004.170891678333283

INFO:root:1 476004.2284348154068

INFO:root:1 477004.503972668647765

INFO:root:1 478004.377575850486756

INFO:root:1 479004.198993730545043

INFO:root:episode:1loss:4848.349452189941
INFO:root:episode:2loss:4848.123929399414
INFO:root:episode:3loss:4848.119667587891
